<?xml version="1.0" encoding="UTF-8"?>
<testsuites>
  <testsuite name="/home/runner/work/leopardo-hr/leopardo-hr/api/phpunit.xml" tests="753" assertions="3101" errors="11" failures="1" skipped="0" time="366.448270">
    <testsuite name="Feature" tests="753" assertions="3101" errors="11" failures="1" skipped="0" time="366.448270">
      <testsuite name="Tests\Feature\AIGatewayAndAnalyticsTest" file="AIGateway And Analytics (Tests\Feature\AIGatewayAndAnalytics)" tests="8" assertions="54" errors="0" failures="0" skipped="0" time="4.601560">
        <testcase name="Ai tools returns only active tools" file="AIGateway And Analytics (Tests\Feature\AIGatewayAndAnalytics)::Ai tools returns only active tools" class="Tests\Feature\AIGatewayAndAnalyticsTest" classname="Tests.Feature.AIGatewayAndAnalyticsTest" assertions="3" time="0.647305"/>
        <testcase name="Ai history and delete are scoped to authenticated user and company" file="AIGateway And Analytics (Tests\Feature\AIGatewayAndAnalytics)::Ai history and delete are scoped to authenticated user and company" class="Tests\Feature\AIGatewayAndAnalyticsTest" classname="Tests.Feature.AIGatewayAndAnalyticsTest" assertions="6" time="0.564119"/>
        <testcase name="Ai analytics use real audit columns and do not leak other companies" file="AIGateway And Analytics (Tests\Feature\AIGatewayAndAnalytics)::Ai analytics use real audit columns and do not leak other companies" class="Tests\Feature\AIGatewayAndAnalyticsTest" classname="Tests.Feature.AIGatewayAndAnalyticsTest" assertions="13" time="0.562062"/>
        <testcase name="Ai analytics are restricted to principal or rh managers" file="AIGateway And Analytics (Tests\Feature\AIGatewayAndAnalytics)::Ai analytics are restricted to principal or rh managers" class="Tests\Feature\AIGatewayAndAnalyticsTest" classname="Tests.Feature.AIGatewayAndAnalyticsTest" assertions="3" time="0.576549"/>
        <testcase name="Voice transcribe and synthesize validate without external provider keys" file="AIGateway And Analytics (Tests\Feature\AIGatewayAndAnalytics)::Voice transcribe and synthesize validate without external provider keys" class="Tests\Feature\AIGatewayAndAnalyticsTest" classname="Tests.Feature.AIGatewayAndAnalyticsTest" assertions="7" time="0.566083"/>
        <testcase name="Voice command uses orchestrator contract and returns conversation context" file="AIGateway And Analytics (Tests\Feature\AIGatewayAndAnalytics)::Voice command uses orchestrator contract and returns conversation context" class="Tests\Feature\AIGatewayAndAnalyticsTest" classname="Tests.Feature.AIGatewayAndAnalyticsTest" assertions="8" time="0.572383"/>
        <testcase name="Agent workflows and run endpoint are bounded by validation" file="AIGateway And Analytics (Tests\Feature\AIGatewayAndAnalytics)::Agent workflows and run endpoint are bounded by validation" class="Tests\Feature\AIGatewayAndAnalyticsTest" classname="Tests.Feature.AIGatewayAndAnalyticsTest" assertions="8" time="0.570057"/>
        <testcase name="Ai analytics costs support period grouping" file="AIGateway And Analytics (Tests\Feature\AIGatewayAndAnalytics)::Ai analytics costs support period grouping" class="Tests\Feature\AIGatewayAndAnalyticsTest" classname="Tests.Feature.AIGatewayAndAnalyticsTest" assertions="6" time="0.543003"/>
      </testsuite>
      <testsuite name="Tests\Feature\AIWorkflowTest" file="AIWorkflow (Tests\Feature\AIWorkflow)" tests="3" assertions="17" errors="0" failures="0" skipped="0" time="1.780985">
        <testcase name="Prepare payroll workflow returns steps" file="AIWorkflow (Tests\Feature\AIWorkflow)::Prepare payroll workflow returns steps" class="Tests\Feature\AIWorkflowTest" classname="Tests.Feature.AIWorkflowTest" assertions="7" time="0.597913"/>
        <testcase name="Weekly report workflow returns report" file="AIWorkflow (Tests\Feature\AIWorkflow)::Weekly report workflow returns report" class="Tests\Feature\AIWorkflowTest" classname="Tests.Feature.AIWorkflowTest" assertions="9" time="0.555624"/>
        <testcase name="Employee cannot access workflows" file="AIWorkflow (Tests\Feature\AIWorkflow)::Employee cannot access workflows" class="Tests\Feature\AIWorkflowTest" classname="Tests.Feature.AIWorkflowTest" assertions="1" time="0.627448"/>
      </testsuite>
      <testsuite name="Tests\Feature\AIWriteActionConfirmationTest" file="AIWrite Action Confirmation (Tests\Feature\AIWriteActionConfirmation)" tests="6" assertions="22" errors="0" failures="0" skipped="0" time="3.347139">
        <testcase name="Write tool returns confirmation required without creating absence" file="AIWrite Action Confirmation (Tests\Feature\AIWriteActionConfirmation)::Write tool returns confirmation required without creating absence" class="Tests\Feature\AIWriteActionConfirmationTest" classname="Tests.Feature.AIWriteActionConfirmationTest" assertions="4" time="0.545326"/>
        <testcase name="Confirm action executes create absence" file="AIWrite Action Confirmation (Tests\Feature\AIWriteActionConfirmation)::Confirm action executes create absence" class="Tests\Feature\AIWriteActionConfirmationTest" classname="Tests.Feature.AIWriteActionConfirmationTest" assertions="5" time="0.568257"/>
        <testcase name="Reject action does not create absence" file="AIWrite Action Confirmation (Tests\Feature\AIWriteActionConfirmation)::Reject action does not create absence" class="Tests\Feature\AIWriteActionConfirmationTest" classname="Tests.Feature.AIWriteActionConfirmationTest" assertions="4" time="0.547664"/>
        <testcase name="Confirm action is scoped to authenticated user" file="AIWrite Action Confirmation (Tests\Feature\AIWriteActionConfirmation)::Confirm action is scoped to authenticated user" class="Tests\Feature\AIWriteActionConfirmationTest" classname="Tests.Feature.AIWriteActionConfirmationTest" assertions="2" time="0.560815"/>
        <testcase name="Confirm approve absence updates status" file="AIWrite Action Confirmation (Tests\Feature\AIWriteActionConfirmation)::Confirm approve absence updates status" class="Tests\Feature\AIWriteActionConfirmationTest" classname="Tests.Feature.AIWriteActionConfirmationTest" assertions="3" time="0.559086"/>
        <testcase name="Orchestrator returns pending confirmations for write tools" file="AIWrite Action Confirmation (Tests\Feature\AIWriteActionConfirmation)::Orchestrator returns pending confirmations for write tools" class="Tests\Feature\AIWriteActionConfirmationTest" classname="Tests.Feature.AIWriteActionConfirmationTest" assertions="4" time="0.565990"/>
      </testsuite>
      <testsuite name="Tests\Feature\Absences\AbsenceApproveTest" file="Absence Approve (Tests\Feature\Absences\AbsenceApprove)" tests="7" assertions="19" errors="0" failures="0" skipped="0" time="4.036148">
        <testcase name="Manager can approve pending absence" file="Absence Approve (Tests\Feature\Absences\AbsenceApprove)::Manager can approve pending absence" class="Tests\Feature\Absences\AbsenceApproveTest" classname="Tests.Feature.Absences.AbsenceApproveTest" assertions="4" time="0.581752"/>
        <testcase name="Approve deducts leave balance" file="Absence Approve (Tests\Feature\Absences\AbsenceApprove)::Approve deducts leave balance" class="Tests\Feature\Absences\AbsenceApproveTest" classname="Tests.Feature.Absences.AbsenceApproveTest" assertions="2" time="0.571440"/>
        <testcase name="Approve non deductible type no balance log" file="Absence Approve (Tests\Feature\Absences\AbsenceApprove)::Approve non deductible type no balance log" class="Tests\Feature\Absences\AbsenceApproveTest" classname="Tests.Feature.Absences.AbsenceApproveTest" assertions="3" time="0.568810"/>
        <testcase name="Approve already approved returns 422" file="Absence Approve (Tests\Feature\Absences\AbsenceApprove)::Approve already approved returns 422" class="Tests\Feature\Absences\AbsenceApproveTest" classname="Tests.Feature.Absences.AbsenceApproveTest" assertions="2" time="0.594475"/>
        <testcase name="Employee cannot approve" file="Absence Approve (Tests\Feature\Absences\AbsenceApprove)::Employee cannot approve" class="Tests\Feature\Absences\AbsenceApproveTest" classname="Tests.Feature.Absences.AbsenceApproveTest" assertions="1" time="0.567005"/>
        <testcase name="Approved by is set" file="Absence Approve (Tests\Feature\Absences\AbsenceApprove)::Approved by is set" class="Tests\Feature\Absences\AbsenceApproveTest" classname="Tests.Feature.Absences.AbsenceApproveTest" assertions="3" time="0.568071"/>
        <testcase name="Approve fails when balance was consumed by another approval" file="Absence Approve (Tests\Feature\Absences\AbsenceApprove)::Approve fails when balance was consumed by another approval" class="Tests\Feature\Absences\AbsenceApproveTest" classname="Tests.Feature.Absences.AbsenceApproveTest" assertions="4" time="0.584595"/>
      </testsuite>
      <testsuite name="Tests\Feature\Absences\AbsenceCancelTest" file="Absence Cancel (Tests\Feature\Absences\AbsenceCancel)" tests="4" assertions="7" errors="0" failures="0" skipped="0" time="2.251235">
        <testcase name="Employee can cancel own pending absence" file="Absence Cancel (Tests\Feature\Absences\AbsenceCancel)::Employee can cancel own pending absence" class="Tests\Feature\Absences\AbsenceCancelTest" classname="Tests.Feature.Absences.AbsenceCancelTest" assertions="3" time="0.578875"/>
        <testcase name="Cancel approved absence returns 422" file="Absence Cancel (Tests\Feature\Absences\AbsenceCancel)::Cancel approved absence returns 422" class="Tests\Feature\Absences\AbsenceCancelTest" classname="Tests.Feature.Absences.AbsenceCancelTest" assertions="2" time="0.561589"/>
        <testcase name="Employee cannot cancel other employee absence" file="Absence Cancel (Tests\Feature\Absences\AbsenceCancel)::Employee cannot cancel other employee absence" class="Tests\Feature\Absences\AbsenceCancelTest" classname="Tests.Feature.Absences.AbsenceCancelTest" assertions="1" time="0.554337"/>
        <testcase name="Manager cannot cancel employee absence via destroy" file="Absence Cancel (Tests\Feature\Absences\AbsenceCancel)::Manager cannot cancel employee absence via destroy" class="Tests\Feature\Absences\AbsenceCancelTest" classname="Tests.Feature.Absences.AbsenceCancelTest" assertions="1" time="0.556433"/>
      </testsuite>
      <testsuite name="Tests\Feature\Absences\AbsenceIndexTest" file="Absence Index (Tests\Feature\Absences\AbsenceIndex)" tests="8" assertions="28" errors="0" failures="0" skipped="0" time="4.457149">
        <testcase name="Employee sees only own absences" file="Absence Index (Tests\Feature\Absences\AbsenceIndex)::Employee sees only own absences" class="Tests\Feature\Absences\AbsenceIndexTest" classname="Tests.Feature.Absences.AbsenceIndexTest" assertions="4" time="0.558916"/>
        <testcase name="Manager sees all company absences" file="Absence Index (Tests\Feature\Absences\AbsenceIndex)::Manager sees all company absences" class="Tests\Feature\Absences\AbsenceIndexTest" classname="Tests.Feature.Absences.AbsenceIndexTest" assertions="2" time="0.564613"/>
        <testcase name="Manager can filter by employee id" file="Absence Index (Tests\Feature\Absences\AbsenceIndex)::Manager can filter by employee id" class="Tests\Feature\Absences\AbsenceIndexTest" classname="Tests.Feature.Absences.AbsenceIndexTest" assertions="3" time="0.561965"/>
        <testcase name="Manager cannot filter by another tenant employee id" file="Absence Index (Tests\Feature\Absences\AbsenceIndex)::Manager cannot filter by another tenant employee id" class="Tests\Feature\Absences\AbsenceIndexTest" classname="Tests.Feature.Absences.AbsenceIndexTest" assertions="3" time="0.551341"/>
        <testcase name="Filter by status" file="Absence Index (Tests\Feature\Absences\AbsenceIndex)::Filter by status" class="Tests\Feature\Absences\AbsenceIndexTest" classname="Tests.Feature.Absences.AbsenceIndexTest" assertions="3" time="0.566336"/>
        <testcase name="Filter by month year" file="Absence Index (Tests\Feature\Absences\AbsenceIndex)::Filter by month year" class="Tests\Feature\Absences\AbsenceIndexTest" classname="Tests.Feature.Absences.AbsenceIndexTest" assertions="3" time="0.574324"/>
        <testcase name="Pagination meta present" file="Absence Index (Tests\Feature\Absences\AbsenceIndex)::Pagination meta present" class="Tests\Feature\Absences\AbsenceIndexTest" classname="Tests.Feature.Absences.AbsenceIndexTest" assertions="9" time="0.546969"/>
        <testcase name="Unauthenticated returns 401" file="Absence Index (Tests\Feature\Absences\AbsenceIndex)::Unauthenticated returns 401" class="Tests\Feature\Absences\AbsenceIndexTest" classname="Tests.Feature.Absences.AbsenceIndexTest" assertions="1" time="0.532685"/>
      </testsuite>
      <testsuite name="Tests\Feature\Absences\AbsenceRejectTest" file="Absence Reject (Tests\Feature\Absences\AbsenceReject)" tests="5" assertions="14" errors="0" failures="0" skipped="0" time="2.820869">
        <testcase name="Manager can reject pending absence" file="Absence Reject (Tests\Feature\Absences\AbsenceReject)::Manager can reject pending absence" class="Tests\Feature\Absences\AbsenceRejectTest" classname="Tests.Feature.Absences.AbsenceRejectTest" assertions="4" time="0.576550"/>
        <testcase name="Reject approved absence restores balance" file="Absence Reject (Tests\Feature\Absences\AbsenceReject)::Reject approved absence restores balance" class="Tests\Feature\Absences\AbsenceRejectTest" classname="Tests.Feature.Absences.AbsenceRejectTest" assertions="3" time="0.568837"/>
        <testcase name="Reject without reason returns 422" file="Absence Reject (Tests\Feature\Absences\AbsenceReject)::Reject without reason returns 422" class="Tests\Feature\Absences\AbsenceRejectTest" classname="Tests.Feature.Absences.AbsenceRejectTest" assertions="4" time="0.567165"/>
        <testcase name="Reject cancelled absence returns 422" file="Absence Reject (Tests\Feature\Absences\AbsenceReject)::Reject cancelled absence returns 422" class="Tests\Feature\Absences\AbsenceRejectTest" classname="Tests.Feature.Absences.AbsenceRejectTest" assertions="2" time="0.566420"/>
        <testcase name="Employee cannot reject" file="Absence Reject (Tests\Feature\Absences\AbsenceReject)::Employee cannot reject" class="Tests\Feature\Absences\AbsenceRejectTest" classname="Tests.Feature.Absences.AbsenceRejectTest" assertions="1" time="0.541897"/>
      </testsuite>
      <testsuite name="Tests\Feature\Absences\AbsenceShowTest" file="Absence Show (Tests\Feature\Absences\AbsenceShow)" tests="5" assertions="34" errors="0" failures="0" skipped="0" time="2.760440">
        <testcase name="Employee can view own absence" file="Absence Show (Tests\Feature\Absences\AbsenceShow)::Employee can view own absence" class="Tests\Feature\Absences\AbsenceShowTest" classname="Tests.Feature.Absences.AbsenceShowTest" assertions="27" time="0.563926"/>
        <testcase name="Employee cannot view other employee absence" file="Absence Show (Tests\Feature\Absences\AbsenceShow)::Employee cannot view other employee absence" class="Tests\Feature\Absences\AbsenceShowTest" classname="Tests.Feature.Absences.AbsenceShowTest" assertions="1" time="0.548826"/>
        <testcase name="Manager can view any absence" file="Absence Show (Tests\Feature\Absences\AbsenceShow)::Manager can view any absence" class="Tests\Feature\Absences\AbsenceShowTest" classname="Tests.Feature.Absences.AbsenceShowTest" assertions="4" time="0.546882"/>
        <testcase name="Absence not found returns 404" file="Absence Show (Tests\Feature\Absences\AbsenceShow)::Absence not found returns 404" class="Tests\Feature\Absences\AbsenceShowTest" classname="Tests.Feature.Absences.AbsenceShowTest" assertions="1" time="0.543769"/>
        <testcase name="Cross company absence returns 404" file="Absence Show (Tests\Feature\Absences\AbsenceShow)::Cross company absence returns 404" class="Tests\Feature\Absences\AbsenceShowTest" classname="Tests.Feature.Absences.AbsenceShowTest" assertions="1" time="0.557036"/>
      </testsuite>
      <testsuite name="Tests\Feature\Absences\AbsenceStoreTest" file="Absence Store (Tests\Feature\Absences\AbsenceStore)" tests="8" assertions="29" errors="0" failures="0" skipped="0" time="4.470041">
        <testcase name="Employee can create absence" file="Absence Store (Tests\Feature\Absences\AbsenceStore)::Employee can create absence" class="Tests\Feature\Absences\AbsenceStoreTest" classname="Tests.Feature.Absences.AbsenceStoreTest" assertions="8" time="0.575359"/>
        <testcase name="Days count calculated automatically" file="Absence Store (Tests\Feature\Absences\AbsenceStore)::Days count calculated automatically" class="Tests\Feature\Absences\AbsenceStoreTest" classname="Tests.Feature.Absences.AbsenceStoreTest" assertions="3" time="0.550986"/>
        <testcase name="Insufficient balance returns 422" file="Absence Store (Tests\Feature\Absences\AbsenceStore)::Insufficient balance returns 422" class="Tests\Feature\Absences\AbsenceStoreTest" classname="Tests.Feature.Absences.AbsenceStoreTest" assertions="2" time="0.547409"/>
        <testcase name="Date conflict returns 422" file="Absence Store (Tests\Feature\Absences\AbsenceStore)::Date conflict returns 422" class="Tests\Feature\Absences\AbsenceStoreTest" classname="Tests.Feature.Absences.AbsenceStoreTest" assertions="2" time="0.553535"/>
        <testcase name="End date before start date returns 422" file="Absence Store (Tests\Feature\Absences\AbsenceStore)::End date before start date returns 422" class="Tests\Feature\Absences\AbsenceStoreTest" classname="Tests.Feature.Absences.AbsenceStoreTest" assertions="3" time="0.552927"/>
        <testcase name="Missing required fields returns 422" file="Absence Store (Tests\Feature\Absences\AbsenceStore)::Missing required fields returns 422" class="Tests\Feature\Absences\AbsenceStoreTest" classname="Tests.Feature.Absences.AbsenceStoreTest" assertions="6" time="0.567023"/>
        <testcase name="Non deductible type ignores balance" file="Absence Store (Tests\Feature\Absences\AbsenceStore)::Non deductible type ignores balance" class="Tests\Feature\Absences\AbsenceStoreTest" classname="Tests.Feature.Absences.AbsenceStoreTest" assertions="3" time="0.561197"/>
        <testcase name="Rejected absence does not block new request on same dates" file="Absence Store (Tests\Feature\Absences\AbsenceStore)::Rejected absence does not block new request on same dates" class="Tests\Feature\Absences\AbsenceStoreTest" classname="Tests.Feature.Absences.AbsenceStoreTest" assertions="2" time="0.561605"/>
      </testsuite>
      <testsuite name="Tests\Feature\Attendance\AttendanceAnomaliesTest" file="Attendance Anomalies (Tests\Feature\Attendance\AttendanceAnomalies)" tests="4" assertions="22" errors="0" failures="0" skipped="0" time="2.309803">
        <testcase name="Manager can view attendance anomaly summary" file="Attendance Anomalies (Tests\Feature\Attendance\AttendanceAnomalies)::Manager can view attendance anomaly summary" class="Tests\Feature\Attendance\AttendanceAnomaliesTest" classname="Tests.Feature.Attendance.AttendanceAnomaliesTest" assertions="15" time="0.585264"/>
        <testcase name="Employee cannot view attendance anomalies" file="Attendance Anomalies (Tests\Feature\Attendance\AttendanceAnomalies)::Employee cannot view attendance anomalies" class="Tests\Feature\Attendance\AttendanceAnomaliesTest" classname="Tests.Feature.Attendance.AttendanceAnomaliesTest" assertions="1" time="0.542440"/>
        <testcase name="Attendance anomalies are scoped to manager company" file="Attendance Anomalies (Tests\Feature\Attendance\AttendanceAnomalies)::Attendance anomalies are scoped to manager company" class="Tests\Feature\Attendance\AttendanceAnomaliesTest" classname="Tests.Feature.Attendance.AttendanceAnomaliesTest" assertions="3" time="0.580701"/>
        <testcase name="Attendance anomalies include geofence and repeated exact check ins" file="Attendance Anomalies (Tests\Feature\Attendance\AttendanceAnomalies)::Attendance anomalies include geofence and repeated exact check ins" class="Tests\Feature\Attendance\AttendanceAnomaliesTest" classname="Tests.Feature.Attendance.AttendanceAnomaliesTest" assertions="3" time="0.601399"/>
      </testsuite>
      <testsuite name="Tests\Feature\Attendance\AttendanceMonthlyReportTest" file="Attendance Monthly Report (Tests\Feature\Attendance\AttendanceMonthlyReport)" tests="2" assertions="16" errors="0" failures="0" skipped="0" time="1.129703">
        <testcase name="Manager can get monthly attendance report json and csv" file="Attendance Monthly Report (Tests\Feature\Attendance\AttendanceMonthlyReport)::Manager can get monthly attendance report json and csv" class="Tests\Feature\Attendance\AttendanceMonthlyReportTest" classname="Tests.Feature.Attendance.AttendanceMonthlyReportTest" assertions="15" time="0.580913"/>
        <testcase name="Employee cannot get monthly attendance report" file="Attendance Monthly Report (Tests\Feature\Attendance\AttendanceMonthlyReport)::Employee cannot get monthly attendance report" class="Tests\Feature\Attendance\AttendanceMonthlyReportTest" classname="Tests.Feature.Attendance.AttendanceMonthlyReportTest" assertions="1" time="0.548789"/>
      </testsuite>
      <testsuite name="Tests\Feature\Attendance\AutoCloseAttendanceCommandTest" file="Auto Close Attendance Command (Tests\Feature\Attendance\AutoCloseAttendanceCommand)" tests="1" assertions="6" errors="0" failures="0" skipped="0" time="0.570907">
        <testcase name="Auto close uses tenant policy and keeps correction context" file="Auto Close Attendance Command (Tests\Feature\Attendance\AutoCloseAttendanceCommand)::Auto close uses tenant policy and keeps correction context" class="Tests\Feature\Attendance\AutoCloseAttendanceCommandTest" classname="Tests.Feature.Attendance.AutoCloseAttendanceCommandTest" assertions="6" time="0.570907"/>
      </testsuite>
      <testsuite name="Tests\Feature\Attendance\CheckInTest" file="Check In (Tests\Feature\Attendance\CheckIn)" tests="5" assertions="26" errors="0" failures="0" skipped="0" time="2.787088">
        <testcase name="Employee can check in and uses server time" file="Check In (Tests\Feature\Attendance\CheckIn)::Employee can check in and uses server time" class="Tests\Feature\Attendance\CheckInTest" classname="Tests.Feature.Attendance.CheckInTest" assertions="13" time="0.555286"/>
        <testcase name="Check in returns soft geofence context without blocking outside site" file="Check In (Tests\Feature\Attendance\CheckIn)::Check in returns soft geofence context without blocking outside site" class="Tests\Feature\Attendance\CheckInTest" classname="Tests.Feature.Attendance.CheckInTest" assertions="7" time="0.569696"/>
        <testcase name="Employee cannot check in twice without check out" file="Check In (Tests\Feature\Attendance\CheckIn)::Employee cannot check in twice without check out" class="Tests\Feature\Attendance\CheckInTest" classname="Tests.Feature.Attendance.CheckInTest" assertions="3" time="0.570259"/>
        <testcase name="Late status when check in after tolerance" file="Check In (Tests\Feature\Attendance\CheckIn)::Late status when check in after tolerance" class="Tests\Feature\Attendance\CheckInTest" classname="Tests.Feature.Attendance.CheckInTest" assertions="2" time="0.556284"/>
        <testcase name="Manager cannot check in" file="Check In (Tests\Feature\Attendance\CheckIn)::Manager cannot check in" class="Tests\Feature\Attendance\CheckInTest" classname="Tests.Feature.Attendance.CheckInTest" assertions="1" time="0.535564"/>
      </testsuite>
      <testsuite name="Tests\Feature\Attendance\CheckOutTest" file="Check Out (Tests\Feature\Attendance\CheckOut)" tests="2" assertions="9" errors="0" failures="0" skipped="0" time="1.113820">
        <testcase name="Cannot check out without check in" file="Check Out (Tests\Feature\Attendance\CheckOut)::Cannot check out without check in" class="Tests\Feature\Attendance\CheckOutTest" classname="Tests.Feature.Attendance.CheckOutTest" assertions="2" time="0.548157"/>
        <testcase name="Employee can check out and hours are calculated" file="Check Out (Tests\Feature\Attendance\CheckOut)::Employee can check out and hours are calculated" class="Tests\Feature\Attendance\CheckOutTest" classname="Tests.Feature.Attendance.CheckOutTest" assertions="7" time="0.565663"/>
      </testsuite>
      <testsuite name="Tests\Feature\Attendance\CorrectionWorkflowTest" file="Correction Workflow (Tests\Feature\Attendance\CorrectionWorkflow)" tests="3" assertions="11" errors="0" failures="0" skipped="0" time="1.738958">
        <testcase name="Manager lists and applies pending attendance corrections" file="Correction Workflow (Tests\Feature\Attendance\CorrectionWorkflow)::Manager lists and applies pending attendance corrections" class="Tests\Feature\Attendance\CorrectionWorkflowTest" classname="Tests.Feature.Attendance.CorrectionWorkflowTest" assertions="9" time="0.609056"/>
        <testcase name="Employee cannot list correction queue" file="Correction Workflow (Tests\Feature\Attendance\CorrectionWorkflow)::Employee cannot list correction queue" class="Tests\Feature\Attendance\CorrectionWorkflowTest" classname="Tests.Feature.Attendance.CorrectionWorkflowTest" assertions="1" time="0.561490"/>
        <testcase name="Manager cannot apply correction from another tenant" file="Correction Workflow (Tests\Feature\Attendance\CorrectionWorkflow)::Manager cannot apply correction from another tenant" class="Tests\Feature\Attendance\CorrectionWorkflowTest" classname="Tests.Feature.Attendance.CorrectionWorkflowTest" assertions="1" time="0.568412"/>
      </testsuite>
      <testsuite name="Tests\Feature\Attendance\ManualUpdateTest" file="Manual Update (Tests\Feature\Attendance\ManualUpdate)" tests="1" assertions="6" errors="0" failures="0" skipped="0" time="0.562380">
        <testcase name="Manager manual update recalculates derived fields" file="Manual Update (Tests\Feature\Attendance\ManualUpdate)::Manager manual update recalculates derived fields" class="Tests\Feature\Attendance\ManualUpdateTest" classname="Tests.Feature.Attendance.ManualUpdateTest" assertions="6" time="0.562380"/>
      </testsuite>
      <testsuite name="Tests\Feature\Attendance\MultiPunchTest" file="Multi Punch (Tests\Feature\Attendance\MultiPunch)" tests="2" assertions="34" errors="0" failures="0" skipped="0" time="1.227352">
        <testcase name="Employee can create multiple sessions in one day" file="Multi Punch (Tests\Feature\Attendance\MultiPunch)::Employee can create multiple sessions in one day" class="Tests\Feature\Attendance\MultiPunchTest" classname="Tests.Feature.Attendance.MultiPunchTest" assertions="25" time="0.630065"/>
        <testcase name="Today returns sessions and daily summary" file="Multi Punch (Tests\Feature\Attendance\MultiPunch)::Today returns sessions and daily summary" class="Tests\Feature\Attendance\MultiPunchTest" classname="Tests.Feature.Attendance.MultiPunchTest" assertions="9" time="0.597287"/>
      </testsuite>
      <testsuite name="Tests\Feature\Attendance\TodayAndHistoryTest" file="Today And History (Tests\Feature\Attendance\TodayAndHistory)" tests="5" assertions="18" errors="0" failures="0" skipped="0" time="2.816302">
        <testcase name="Today endpoint returns self status for employee" file="Today And History (Tests\Feature\Attendance\TodayAndHistory)::Today endpoint returns self status for employee" class="Tests\Feature\Attendance\TodayAndHistoryTest" classname="Tests.Feature.Attendance.TodayAndHistoryTest" assertions="6" time="0.556216"/>
        <testcase name="Employee history returns only self" file="Today And History (Tests\Feature\Attendance\TodayAndHistory)::Employee history returns only self" class="Tests\Feature\Attendance\TodayAndHistoryTest" classname="Tests.Feature.Attendance.TodayAndHistoryTest" assertions="2" time="0.578906"/>
        <testcase name="Manager can view today for all employees and employee cannot view others" file="Today And History (Tests\Feature\Attendance\TodayAndHistory)::Manager can view today for all employees and employee cannot view others" class="Tests\Feature\Attendance\TodayAndHistoryTest" classname="Tests.Feature.Attendance.TodayAndHistoryTest" assertions="5" time="0.573160"/>
        <testcase name="Tenant isolation on attendance history" file="Today And History (Tests\Feature\Attendance\TodayAndHistory)::Tenant isolation on attendance history" class="Tests\Feature\Attendance\TodayAndHistoryTest" classname="Tests.Feature.Attendance.TodayAndHistoryTest" assertions="2" time="0.549097"/>
        <testcase name="Manager cannot filter attendance history by another tenant employee id" file="Today And History (Tests\Feature\Attendance\TodayAndHistory)::Manager cannot filter attendance history by another tenant employee id" class="Tests\Feature\Attendance\TodayAndHistoryTest" classname="Tests.Feature.Attendance.TodayAndHistoryTest" assertions="3" time="0.558924"/>
      </testsuite>
      <testsuite name="Tests\Feature\AuditLogExportTest" file="Audit Log Export (Tests\Feature\AuditLogExport)" tests="5" assertions="8" errors="0" failures="0" skipped="0" time="2.755972">
        <testcase name="Export csv returns csv for principal manager" file="Audit Log Export (Tests\Feature\AuditLogExport)::Export csv returns csv for principal manager" class="Tests\Feature\AuditLogExportTest" classname="Tests.Feature.AuditLogExportTest" assertions="3" time="0.552707"/>
        <testcase name="Export csv forbidden for non principal" file="Audit Log Export (Tests\Feature\AuditLogExport)::Export csv forbidden for non principal" class="Tests\Feature\AuditLogExportTest" classname="Tests.Feature.AuditLogExportTest" assertions="1" time="0.537587"/>
        <testcase name="Export csv with date filter" file="Audit Log Export (Tests\Feature\AuditLogExport)::Export csv with date filter" class="Tests\Feature\AuditLogExportTest" classname="Tests.Feature.AuditLogExportTest" assertions="1" time="0.551240"/>
        <testcase name="Audit log index returns paginated list" file="Audit Log Export (Tests\Feature\AuditLogExport)::Audit log index returns paginated list" class="Tests\Feature\AuditLogExportTest" classname="Tests.Feature.AuditLogExportTest" assertions="2" time="0.552684"/>
        <testcase name="Audit log index filtered by action" file="Audit Log Export (Tests\Feature\AuditLogExport)::Audit log index filtered by action" class="Tests\Feature\AuditLogExportTest" classname="Tests.Feature.AuditLogExportTest" assertions="1" time="0.561755"/>
      </testsuite>
      <testsuite name="Tests\Feature\AuthGoogleSignInTest" file="Auth Google Sign In (Tests\Feature\AuthGoogleSignIn)" tests="1" assertions="6" errors="0" failures="0" skipped="0" time="1.469856">
        <testcase name="Google callback creates new ordinary user" file="Auth Google Sign In (Tests\Feature\AuthGoogleSignIn)::Google callback creates new ordinary user" class="Tests\Feature\AuthGoogleSignInTest" classname="Tests.Feature.AuthGoogleSignInTest" assertions="6" time="1.469856"/>
      </testsuite>
      <testsuite name="Tests\Feature\AuthLoginGuardrailsTest" file="Auth Login Guardrails (Tests\Feature\AuthLoginGuardrails)" tests="2" assertions="4" errors="0" failures="0" skipped="0" time="1.070736">
        <testcase name="Login rejects archived employee" file="Auth Login Guardrails (Tests\Feature\AuthLoginGuardrails)::Login rejects archived employee" class="Tests\Feature\AuthLoginGuardrailsTest" classname="Tests.Feature.AuthLoginGuardrailsTest" assertions="2" time="0.500728"/>
        <testcase name="Login rejects when company is suspended" file="Auth Login Guardrails (Tests\Feature\AuthLoginGuardrails)::Login rejects when company is suspended" class="Tests\Feature\AuthLoginGuardrailsTest" classname="Tests.Feature.AuthLoginGuardrailsTest" assertions="2" time="0.570008"/>
      </testsuite>
      <testsuite name="Tests\Feature\AuthLoginTest" file="Auth Login (Tests\Feature\AuthLogin)" tests="3" assertions="43" errors="0" failures="0" skipped="0" time="1.705973">
        <testcase name="Login returns token" file="Auth Login (Tests\Feature\AuthLogin)::Login returns token" class="Tests\Feature\AuthLoginTest" classname="Tests.Feature.AuthLoginTest" assertions="9" time="0.566260"/>
        <testcase name="Login token opens client session profile" file="Auth Login (Tests\Feature\AuthLogin)::Login token opens client session profile" class="Tests\Feature\AuthLoginTest" classname="Tests.Feature.AuthLoginTest" assertions="31" time="0.568666"/>
        <testcase name="Login rejects invalid credentials" file="Auth Login (Tests\Feature\AuthLogin)::Login rejects invalid credentials" class="Tests\Feature\AuthLoginTest" classname="Tests.Feature.AuthLoginTest" assertions="3" time="0.571047"/>
      </testsuite>
      <testsuite name="Tests\Feature\AuthMeLogoutTest" file="Auth Me Logout (Tests\Feature\AuthMeLogout)" tests="5" assertions="12" errors="0" failures="0" skipped="0" time="2.853539">
        <testcase name="Me returns authenticated employee" file="Auth Me Logout (Tests\Feature\AuthMeLogout)::Me returns authenticated employee" class="Tests\Feature\AuthMeLogoutTest" classname="Tests.Feature.AuthMeLogoutTest" assertions="2" time="0.587893"/>
        <testcase name="Me returns language and rtl metadata" file="Auth Me Logout (Tests\Feature\AuthMeLogout)::Me returns language and rtl metadata" class="Tests\Feature\AuthMeLogoutTest" classname="Tests.Feature.AuthMeLogoutTest" assertions="3" time="0.582226"/>
        <testcase name="Logout revokes current token" file="Auth Me Logout (Tests\Feature\AuthMeLogout)::Logout revokes current token" class="Tests\Feature\AuthMeLogoutTest" classname="Tests.Feature.AuthMeLogoutTest" assertions="3" time="0.564066"/>
        <testcase name="Archived employee token is blocked by tenant middleware" file="Auth Me Logout (Tests\Feature\AuthMeLogout)::Archived employee token is blocked by tenant middleware" class="Tests\Feature\AuthMeLogoutTest" classname="Tests.Feature.AuthMeLogoutTest" assertions="2" time="0.567055"/>
        <testcase name="Company suspension revokes employee tokens" file="Auth Me Logout (Tests\Feature\AuthMeLogout)::Company suspension revokes employee tokens" class="Tests\Feature\AuthMeLogoutTest" classname="Tests.Feature.AuthMeLogoutTest" assertions="2" time="0.552299"/>
      </testsuite>
      <testsuite name="Tests\Feature\AuthProfileSettingsTest" file="Auth Profile Settings (Tests\Feature\AuthProfileSettings)" tests="7" assertions="32" errors="0" failures="0" skipped="0" time="3.958779">
        <testcase name="Employee can update own profile" file="Auth Profile Settings (Tests\Feature\AuthProfileSettings)::Employee can update own profile" class="Tests\Feature\AuthProfileSettingsTest" classname="Tests.Feature.AuthProfileSettingsTest" assertions="7" time="0.567776"/>
        <testcase name="Employee can view durable career summary" file="Auth Profile Settings (Tests\Feature\AuthProfileSettings)::Employee can view durable career summary" class="Tests\Feature\AuthProfileSettingsTest" classname="Tests.Feature.AuthProfileSettingsTest" assertions="7" time="0.558690"/>
        <testcase name="Employee can view personal cabinet stats" file="Auth Profile Settings (Tests\Feature\AuthProfileSettings)::Employee can view personal cabinet stats" class="Tests\Feature\AuthProfileSettingsTest" classname="Tests.Feature.AuthProfileSettingsTest" assertions="4" time="0.552394"/>
        <testcase name="Employee can change password with current password" file="Auth Profile Settings (Tests\Feature\AuthProfileSettings)::Employee can change password with current password" class="Tests\Feature\AuthProfileSettingsTest" classname="Tests.Feature.AuthProfileSettingsTest" assertions="2" time="0.572511"/>
        <testcase name="Employee cannot change password with wrong current password" file="Auth Profile Settings (Tests\Feature\AuthProfileSettings)::Employee cannot change password with wrong current password" class="Tests\Feature\AuthProfileSettingsTest" classname="Tests.Feature.AuthProfileSettingsTest" assertions="5" time="0.579203"/>
        <testcase name="Employee can update preferred language and receive rtl metadata" file="Auth Profile Settings (Tests\Feature\AuthProfileSettings)::Employee can update preferred language and receive rtl metadata" class="Tests\Feature\AuthProfileSettingsTest" classname="Tests.Feature.AuthProfileSettingsTest" assertions="4" time="0.581330"/>
        <testcase name="Employee cannot select inactive language" file="Auth Profile Settings (Tests\Feature\AuthProfileSettings)::Employee cannot select inactive language" class="Tests\Feature\AuthProfileSettingsTest" classname="Tests.Feature.AuthProfileSettingsTest" assertions="3" time="0.546875"/>
      </testsuite>
      <testsuite name="Tests\Feature\AuthRefreshTokenTest" file="Auth Refresh Token (Tests\Feature\AuthRefreshToken)" tests="4" assertions="11" errors="0" failures="0" skipped="0" time="2.265230">
        <testcase name="Refresh token returns new token" file="Auth Refresh Token (Tests\Feature\AuthRefreshToken)::Refresh token returns new token" class="Tests\Feature\AuthRefreshTokenTest" classname="Tests.Feature.AuthRefreshTokenTest" assertions="5" time="0.573281"/>
        <testcase name="Refresh token returns different token" file="Auth Refresh Token (Tests\Feature\AuthRefreshToken)::Refresh token returns different token" class="Tests\Feature\AuthRefreshTokenTest" classname="Tests.Feature.AuthRefreshTokenTest" assertions="3" time="0.567813"/>
        <testcase name="Refresh token requires authentication" file="Auth Refresh Token (Tests\Feature\AuthRefreshToken)::Refresh token requires authentication" class="Tests\Feature\AuthRefreshTokenTest" classname="Tests.Feature.AuthRefreshTokenTest" assertions="1" time="0.558828"/>
        <testcase name="Refresh token preserves abilities" file="Auth Refresh Token (Tests\Feature\AuthRefreshToken)::Refresh token preserves abilities" class="Tests\Feature\AuthRefreshTokenTest" classname="Tests.Feature.AuthRefreshTokenTest" assertions="2" time="0.565308"/>
      </testsuite>
      <testsuite name="Tests\Feature\AuthSelfRegistrationTest" file="Auth Self Registration (Tests\Feature\AuthSelfRegistration)" tests="2" assertions="9" errors="0" failures="0" skipped="0" time="2.928780">
        <testcase name="A user can register as an ordinary account" file="Auth Self Registration (Tests\Feature\AuthSelfRegistration)::A user can register as an ordinary account" class="Tests\Feature\AuthSelfRegistrationTest" classname="Tests.Feature.AuthSelfRegistrationTest" assertions="7" time="1.521742"/>
        <testcase name="An ordinary user can submit a company request" file="Auth Self Registration (Tests\Feature\AuthSelfRegistration)::An ordinary user can submit a company request" class="Tests\Feature\AuthSelfRegistrationTest" classname="Tests.Feature.AuthSelfRegistrationTest" assertions="2" time="1.407038"/>
      </testsuite>
      <testsuite name="Tests\Feature\BackfillNotificationPreferencesCommandTest" file="Backfill Notification Preferences Command (Tests\Feature\BackfillNotificationPreferencesCommand)" tests="2" assertions="5" errors="0" failures="0" skipped="0" time="1.059355">
        <testcase name="Command backfills missing active employee preferences" file="Backfill Notification Preferences Command (Tests\Feature\BackfillNotificationPreferencesCommand)::Command backfills missing active employee preferences" class="Tests\Feature\BackfillNotificationPreferencesCommandTest" classname="Tests.Feature.BackfillNotificationPreferencesCommandTest" assertions="2" time="0.506810"/>
        <testcase name="Command repairs existing preference company scope" file="Backfill Notification Preferences Command (Tests\Feature\BackfillNotificationPreferencesCommand)::Command repairs existing preference company scope" class="Tests\Feature\BackfillNotificationPreferencesCommandTest" classname="Tests.Feature.BackfillNotificationPreferencesCommandTest" assertions="3" time="0.552545"/>
      </testsuite>
      <testsuite name="Tests\Feature\BillingControllerTest" file="Billing Controller (Tests\Feature\BillingController)" tests="11" assertions="26" errors="0" failures="0" skipped="0" time="6.455404">
        <testcase name="Manager can view subscription" file="Billing Controller (Tests\Feature\BillingController)::Manager can view subscription" class="Tests\Feature\BillingControllerTest" classname="Tests.Feature.BillingControllerTest" assertions="2" time="0.580824"/>
        <testcase name="Manager can upgrade subscription" file="Billing Controller (Tests\Feature\BillingController)::Manager can upgrade subscription" class="Tests\Feature\BillingControllerTest" classname="Tests.Feature.BillingControllerTest" assertions="2" time="0.563103"/>
        <testcase name="Employee cannot upgrade subscription" file="Billing Controller (Tests\Feature\BillingController)::Employee cannot upgrade subscription" class="Tests\Feature\BillingControllerTest" classname="Tests.Feature.BillingControllerTest" assertions="1" time="0.558634"/>
        <testcase name="Manager can cancel subscription" file="Billing Controller (Tests\Feature\BillingController)::Manager can cancel subscription" class="Tests\Feature\BillingControllerTest" classname="Tests.Feature.BillingControllerTest" assertions="2" time="0.564261"/>
        <testcase name="Manager can renew cancelled subscription" file="Billing Controller (Tests\Feature\BillingController)::Manager can renew cancelled subscription" class="Tests\Feature\BillingControllerTest" classname="Tests.Feature.BillingControllerTest" assertions="3" time="0.563165"/>
        <testcase name="Employee cannot cancel or renew subscription" file="Billing Controller (Tests\Feature\BillingController)::Employee cannot cancel or renew subscription" class="Tests\Feature\BillingControllerTest" classname="Tests.Feature.BillingControllerTest" assertions="2" time="0.561070"/>
        <testcase name="Manager can list invoices" file="Billing Controller (Tests\Feature\BillingController)::Manager can list invoices" class="Tests\Feature\BillingControllerTest" classname="Tests.Feature.BillingControllerTest" assertions="2" time="0.589288"/>
        <testcase name="Invoice list is scoped to authenticated company" file="Billing Controller (Tests\Feature\BillingController)::Invoice list is scoped to authenticated company" class="Tests\Feature\BillingControllerTest" classname="Tests.Feature.BillingControllerTest" assertions="3" time="0.570965"/>
        <testcase name="Manager can show own invoice and cannot show other tenant invoice" file="Billing Controller (Tests\Feature\BillingController)::Manager can show own invoice and cannot show other tenant invoice" class="Tests\Feature\BillingControllerTest" classname="Tests.Feature.BillingControllerTest" assertions="3" time="0.567997"/>
        <testcase name="Manager can download invoice pdf for own company only" file="Billing Controller (Tests\Feature\BillingController)::Manager can download invoice pdf for own company only" class="Tests\Feature\BillingControllerTest" classname="Tests.Feature.BillingControllerTest" assertions="5" time="0.777955"/>
        <testcase name="Invalid plan returns validation error" file="Billing Controller (Tests\Feature\BillingController)::Invalid plan returns validation error" class="Tests\Feature\BillingControllerTest" classname="Tests.Feature.BillingControllerTest" assertions="1" time="0.558141"/>
      </testsuite>
      <testsuite name="Tests\Feature\BiometricWorkflowTest" file="Biometric Workflow (Tests\Feature\BiometricWorkflow)" tests="3" assertions="20" errors="0" failures="0" skipped="0" time="1.784723">
        <testcase name="Employee biometric request requires manager approval before activation" file="Biometric Workflow (Tests\Feature\BiometricWorkflow)::Employee biometric request requires manager approval before activation" class="Tests\Feature\BiometricWorkflowTest" classname="Tests.Feature.BiometricWorkflowTest" assertions="10" time="0.574772"/>
        <testcase name="Kiosk can check in employee with approved biometrics" file="Biometric Workflow (Tests\Feature\BiometricWorkflow)::Kiosk can check in employee with approved biometrics" class="Tests\Feature\BiometricWorkflowTest" classname="Tests.Feature.BiometricWorkflowTest" assertions="4" time="0.595038"/>
        <testcase name="Kiosk can sync offline events and fetch roster" file="Biometric Workflow (Tests\Feature\BiometricWorkflow)::Kiosk can sync offline events and fetch roster" class="Tests\Feature\BiometricWorkflowTest" classname="Tests.Feature.BiometricWorkflowTest" assertions="6" time="0.614913"/>
      </testsuite>
      <testsuite name="Tests\Feature\CalendarSyncControllerTest" file="Calendar Sync Controller (Tests\Feature\CalendarSyncController)" tests="6" assertions="7" errors="0" failures="0" skipped="0" time="3.410535">
        <testcase name="Connections requires authentication" file="Calendar Sync Controller (Tests\Feature\CalendarSyncController)::Connections requires authentication" class="Tests\Feature\CalendarSyncControllerTest" classname="Tests.Feature.CalendarSyncControllerTest" assertions="1" time="0.558886"/>
        <testcase name="Connections returns empty for new user" file="Calendar Sync Controller (Tests\Feature\CalendarSyncController)::Connections returns empty for new user" class="Tests\Feature\CalendarSyncControllerTest" classname="Tests.Feature.CalendarSyncControllerTest" assertions="2" time="0.569929"/>
        <testcase name="Connect requires provider" file="Calendar Sync Controller (Tests\Feature\CalendarSyncController)::Connect requires provider" class="Tests\Feature\CalendarSyncControllerTest" classname="Tests.Feature.CalendarSyncControllerTest" assertions="1" time="0.573072"/>
        <testcase name="Connect validates provider enum" file="Calendar Sync Controller (Tests\Feature\CalendarSyncController)::Connect validates provider enum" class="Tests\Feature\CalendarSyncControllerTest" classname="Tests.Feature.CalendarSyncControllerTest" assertions="1" time="0.577336"/>
        <testcase name="Disconnect requires authentication" file="Calendar Sync Controller (Tests\Feature\CalendarSyncController)::Disconnect requires authentication" class="Tests\Feature\CalendarSyncControllerTest" classname="Tests.Feature.CalendarSyncControllerTest" assertions="1" time="0.567341"/>
        <testcase name="Events requires authentication" file="Calendar Sync Controller (Tests\Feature\CalendarSyncController)::Events requires authentication" class="Tests\Feature\CalendarSyncControllerTest" classname="Tests.Feature.CalendarSyncControllerTest" assertions="1" time="0.563970"/>
      </testsuite>
      <testsuite name="Tests\Feature\CalendarSyncServiceTest" file="Calendar Sync Service (Tests\Feature\CalendarSyncService)" tests="8" assertions="29" errors="0" failures="0" skipped="0" time="4.493730">
        <testcase name="Connect updates existing provider and disconnect revokes tokens" file="Calendar Sync Service (Tests\Feature\CalendarSyncService)::Connect updates existing provider and disconnect revokes tokens" class="Tests\Feature\CalendarSyncServiceTest" classname="Tests.Feature.CalendarSyncServiceTest" assertions="8" time="0.558049"/>
        <testcase name="Sync leaves pushes google events and stores external id" file="Calendar Sync Service (Tests\Feature\CalendarSyncService)::Sync leaves pushes google events and stores external id" class="Tests\Feature\CalendarSyncServiceTest" classname="Tests.Feature.CalendarSyncServiceTest" assertions="6" time="0.568432"/>
        <testcase name="Sync leaves updates existing google event with put" file="Calendar Sync Service (Tests\Feature\CalendarSyncService)::Sync leaves updates existing google event with put" class="Tests\Feature\CalendarSyncServiceTest" classname="Tests.Feature.CalendarSyncServiceTest" assertions="2" time="0.563180"/>
        <testcase name="Sync training pushes outlook event" file="Calendar Sync Service (Tests\Feature\CalendarSyncService)::Sync training pushes outlook event" class="Tests\Feature\CalendarSyncServiceTest" classname="Tests.Feature.CalendarSyncServiceTest" assertions="5" time="0.560022"/>
        <testcase name="Sync training updates existing outlook event with patch" file="Calendar Sync Service (Tests\Feature\CalendarSyncService)::Sync training updates existing outlook event with patch" class="Tests\Feature\CalendarSyncServiceTest" classname="Tests.Feature.CalendarSyncServiceTest" assertions="2" time="0.556536"/>
        <testcase name="Caldav connection marks events synced without external http" file="Calendar Sync Service (Tests\Feature\CalendarSyncService)::Caldav connection marks events synced without external http" class="Tests\Feature\CalendarSyncServiceTest" classname="Tests.Feature.CalendarSyncServiceTest" assertions="3" time="0.567324"/>
        <testcase name="Provider error marks event failed and does not count sync" file="Calendar Sync Service (Tests\Feature\CalendarSyncService)::Provider error marks event failed and does not count sync" class="Tests\Feature\CalendarSyncServiceTest" classname="Tests.Feature.CalendarSyncServiceTest" assertions="2" time="0.569528"/>
        <testcase name="Get events returns requested range in chronological order" file="Calendar Sync Service (Tests\Feature\CalendarSyncService)::Get events returns requested range in chronological order" class="Tests\Feature\CalendarSyncServiceTest" classname="Tests.Feature.CalendarSyncServiceTest" assertions="1" time="0.550660"/>
      </testsuite>
      <testsuite name="Tests\Feature\Cameras\CameraAccessTokensTest" file="Camera Access Tokens (Tests\Feature\Cameras\CameraAccessTokens)" tests="5" assertions="16" errors="0" failures="0" skipped="0" time="2.893313">
        <testcase name="Principal can issue and revoke access tokens" file="Camera Access Tokens (Tests\Feature\Cameras\CameraAccessTokens)::Principal can issue and revoke access tokens" class="Tests\Feature\Cameras\CameraAccessTokensTest" classname="Tests.Feature.Cameras.CameraAccessTokensTest" assertions="8" time="0.591297"/>
        <testcase name="Disallowed duration is rejected" file="Camera Access Tokens (Tests\Feature\Cameras\CameraAccessTokens)::Disallowed duration is rejected" class="Tests\Feature\Cameras\CameraAccessTokensTest" classname="Tests.Feature.Cameras.CameraAccessTokensTest" assertions="1" time="0.575897"/>
        <testcase name="Public viewer reads token payload" file="Camera Access Tokens (Tests\Feature\Cameras\CameraAccessTokens)::Public viewer reads token payload" class="Tests\Feature\Cameras\CameraAccessTokensTest" classname="Tests.Feature.Cameras.CameraAccessTokensTest" assertions="3" time="0.558872"/>
        <testcase name="Public viewer rejects revoked or expired token" file="Camera Access Tokens (Tests\Feature\Cameras\CameraAccessTokens)::Public viewer rejects revoked or expired token" class="Tests\Feature\Cameras\CameraAccessTokensTest" classname="Tests.Feature.Cameras.CameraAccessTokensTest" assertions="2" time="0.580657"/>
        <testcase name="Expired share permission cannot issue or revoke access tokens" file="Camera Access Tokens (Tests\Feature\Cameras\CameraAccessTokens)::Expired share permission cannot issue or revoke access tokens" class="Tests\Feature\Cameras\CameraAccessTokensTest" classname="Tests.Feature.Cameras.CameraAccessTokensTest" assertions="2" time="0.586590"/>
      </testsuite>
      <testsuite name="Tests\Feature\Cameras\CameraStreamTokenVerifyTest" file="Camera Stream Token Verify (Tests\Feature\Cameras\CameraStreamTokenVerify)" tests="7" assertions="25" errors="0" failures="0" skipped="0" time="3.943381">
        <testcase name="Verify accepts valid stream token jwt" file="Camera Stream Token Verify (Tests\Feature\Cameras\CameraStreamTokenVerify)::Verify accepts valid stream token jwt" class="Tests\Feature\Cameras\CameraStreamTokenVerifyTest" classname="Tests.Feature.Cameras.CameraStreamTokenVerifyTest" assertions="3" time="0.559283"/>
        <testcase name="Verify rejects tampered jwt" file="Camera Stream Token Verify (Tests\Feature\Cameras\CameraStreamTokenVerify)::Verify rejects tampered jwt" class="Tests\Feature\Cameras\CameraStreamTokenVerifyTest" classname="Tests.Feature.Cameras.CameraStreamTokenVerifyTest" assertions="2" time="0.550293"/>
        <testcase name="Verify accepts opaque access token and increments use count" file="Camera Stream Token Verify (Tests\Feature\Cameras\CameraStreamTokenVerify)::Verify accepts opaque access token and increments use count" class="Tests\Feature\Cameras\CameraStreamTokenVerifyTest" classname="Tests.Feature.Cameras.CameraStreamTokenVerifyTest" assertions="5" time="0.559608"/>
        <testcase name="Verify returns token expired for expired access token" file="Camera Stream Token Verify (Tests\Feature\Cameras\CameraStreamTokenVerify)::Verify returns token expired for expired access token" class="Tests\Feature\Cameras\CameraStreamTokenVerifyTest" classname="Tests.Feature.Cameras.CameraStreamTokenVerifyTest" assertions="3" time="0.570730"/>
        <testcase name="Verify denies when company suspended" file="Camera Stream Token Verify (Tests\Feature\Cameras\CameraStreamTokenVerify)::Verify denies when company suspended" class="Tests\Feature\Cameras\CameraStreamTokenVerifyTest" classname="Tests.Feature.Cameras.CameraStreamTokenVerifyTest" assertions="3" time="0.567245"/>
        <testcase name="Verify denies soft deleted or inactive camera" file="Camera Stream Token Verify (Tests\Feature\Cameras\CameraStreamTokenVerify)::Verify denies soft deleted or inactive camera" class="Tests\Feature\Cameras\CameraStreamTokenVerifyTest" classname="Tests.Feature.Cameras.CameraStreamTokenVerifyTest" assertions="6" time="0.571299"/>
        <testcase name="Verify requires bearer secret when configured" file="Camera Stream Token Verify (Tests\Feature\Cameras\CameraStreamTokenVerify)::Verify requires bearer secret when configured" class="Tests\Feature\Cameras\CameraStreamTokenVerifyTest" classname="Tests.Feature.Cameras.CameraStreamTokenVerifyTest" assertions="3" time="0.564924"/>
      </testsuite>
      <testsuite name="Tests\Feature\Cameras\CamerasCrudTest" file="Cameras Crud (Tests\Feature\Cameras\CamerasCrud)" tests="9" assertions="32" errors="0" failures="0" skipped="0" time="5.285257">
        <testcase name="Principal can create and list cameras with plan limit" file="Cameras Crud (Tests\Feature\Cameras\CamerasCrud)::Principal can create and list cameras with plan limit" class="Tests\Feature\Cameras\CamerasCrudTest" classname="Tests.Feature.Cameras.CamerasCrudTest" assertions="11" time="0.585572"/>
        <testcase name="Rtsp url is encrypted at rest" file="Cameras Crud (Tests\Feature\Cameras\CamerasCrud)::Rtsp url is encrypted at rest" class="Tests\Feature\Cameras\CamerasCrudTest" classname="Tests.Feature.Cameras.CamerasCrudTest" assertions="5" time="0.575217"/>
        <testcase name="Creation rejected when plan limit reached" file="Cameras Crud (Tests\Feature\Cameras\CamerasCrud)::Creation rejected when plan limit reached" class="Tests\Feature\Cameras\CamerasCrudTest" classname="Tests.Feature.Cameras.CamerasCrudTest" assertions="3" time="0.584180"/>
        <testcase name="Feature flag disabled returns 403" file="Cameras Crud (Tests\Feature\Cameras\CamerasCrud)::Feature flag disabled returns 403" class="Tests\Feature\Cameras\CamerasCrudTest" classname="Tests.Feature.Cameras.CamerasCrudTest" assertions="2" time="0.578132"/>
        <testcase name="Non manager employee cannot list" file="Cameras Crud (Tests\Feature\Cameras\CamerasCrud)::Non manager employee cannot list" class="Tests\Feature\Cameras\CamerasCrudTest" classname="Tests.Feature.Cameras.CamerasCrudTest" assertions="1" time="0.586115"/>
        <testcase name="Invalid rtsp url is rejected" file="Cameras Crud (Tests\Feature\Cameras\CamerasCrud)::Invalid rtsp url is rejected" class="Tests\Feature\Cameras\CamerasCrudTest" classname="Tests.Feature.Cameras.CamerasCrudTest" assertions="1" time="0.565105"/>
        <testcase name="Principal can update and soft delete" file="Cameras Crud (Tests\Feature\Cameras\CamerasCrud)::Principal can update and soft delete" class="Tests\Feature\Cameras\CamerasCrudTest" classname="Tests.Feature.Cameras.CamerasCrudTest" assertions="5" time="0.577284"/>
        <testcase name="Rh cannot create but can view" file="Cameras Crud (Tests\Feature\Cameras\CamerasCrud)::Rh cannot create but can view" class="Tests\Feature\Cameras\CamerasCrudTest" classname="Tests.Feature.Cameras.CamerasCrudTest" assertions="3" time="0.625690"/>
        <testcase name="Expired manage permission cannot update camera" file="Cameras Crud (Tests\Feature\Cameras\CamerasCrud)::Expired manage permission cannot update camera" class="Tests\Feature\Cameras\CamerasCrudTest" classname="Tests.Feature.Cameras.CamerasCrudTest" assertions="1" time="0.607962"/>
      </testsuite>
      <testsuite name="Tests\Feature\ClientEventControllerTest" file="Client Event Controller (Tests\Feature\ClientEventController)" tests="3" assertions="13" errors="0" failures="0" skipped="0" time="1.701078">
        <testcase name="Authenticated client can store tenant scoped ux event" file="Client Event Controller (Tests\Feature\ClientEventController)::Authenticated client can store tenant scoped ux event" class="Tests\Feature\ClientEventControllerTest" classname="Tests.Feature.ClientEventControllerTest" assertions="11" time="0.596128"/>
        <testcase name="Client events require authentication" file="Client Event Controller (Tests\Feature\ClientEventController)::Client events require authentication" class="Tests\Feature\ClientEventControllerTest" classname="Tests.Feature.ClientEventControllerTest" assertions="1" time="0.549848"/>
        <testcase name="Client event name is allowlisted" file="Client Event Controller (Tests\Feature\ClientEventController)::Client event name is allowlisted" class="Tests\Feature\ClientEventControllerTest" classname="Tests.Feature.ClientEventControllerTest" assertions="1" time="0.555101"/>
      </testsuite>
      <testsuite name="Tests\Feature\CommunicationAnalyticsControllerTest" file="Communication Analytics Controller (Tests\Feature\CommunicationAnalyticsController)" tests="2" assertions="7" errors="0" failures="0" skipped="0" time="1.121465">
        <testcase name="Hr manager can view tenant scoped communication analytics" file="Communication Analytics Controller (Tests\Feature\CommunicationAnalyticsController)::Hr manager can view tenant scoped communication analytics" class="Tests\Feature\CommunicationAnalyticsControllerTest" classname="Tests.Feature.CommunicationAnalyticsControllerTest" assertions="6" time="0.563372"/>
        <testcase name="Employee cannot view communication analytics" file="Communication Analytics Controller (Tests\Feature\CommunicationAnalyticsController)::Employee cannot view communication analytics" class="Tests\Feature\CommunicationAnalyticsControllerTest" classname="Tests.Feature.CommunicationAnalyticsControllerTest" assertions="1" time="0.558093"/>
      </testsuite>
      <testsuite name="Tests\Feature\CommunicationServiceTest" file="Communication Service (Tests\Feature\CommunicationService)" tests="5" assertions="22" errors="0" failures="0" skipped="0" time="2.751357">
        <testcase name="It creates app notification and audits dispatch" file="Communication Service (Tests\Feature\CommunicationService)::It creates app notification and audits dispatch" class="Tests\Feature\CommunicationServiceTest" classname="Tests.Feature.CommunicationServiceTest" assertions="4" time="0.555940"/>
        <testcase name="It respects disabled preferences" file="Communication Service (Tests\Feature\CommunicationService)::It respects disabled preferences" class="Tests\Feature\CommunicationServiceTest" classname="Tests.Feature.CommunicationServiceTest" assertions="4" time="0.558976"/>
        <testcase name="Email sms and whatsapp use safe audited fallbacks" file="Communication Service (Tests\Feature\CommunicationService)::Email sms and whatsapp use safe audited fallbacks" class="Tests\Feature\CommunicationServiceTest" classname="Tests.Feature.CommunicationServiceTest" assertions="7" time="0.541205"/>
        <testcase name="Quiet hours skip external channels but keep app notifications" file="Communication Service (Tests\Feature\CommunicationService)::Quiet hours skip external channels but keep app notifications" class="Tests\Feature\CommunicationServiceTest" classname="Tests.Feature.CommunicationServiceTest" assertions="5" time="0.544162"/>
        <testcase name="Sms and whatsapp monthly quota blocks extra dispatch" file="Communication Service (Tests\Feature\CommunicationService)::Sms and whatsapp monthly quota blocks extra dispatch" class="Tests\Feature\CommunicationServiceTest" classname="Tests.Feature.CommunicationServiceTest" assertions="2" time="0.551074"/>
      </testsuite>
      <testsuite name="Tests\Feature\CompanyBrandingControllerTest" file="Company Branding Controller (Tests\Feature\CompanyBrandingController)" tests="3" assertions="17" errors="0" failures="0" skipped="0" time="1.682483">
        <testcase name="Manager updates company branding with logo" file="Company Branding Controller (Tests\Feature\CompanyBrandingController)::Manager updates company branding with logo" class="Tests\Feature\CompanyBrandingControllerTest" classname="Tests.Feature.CompanyBrandingControllerTest" assertions="9" time="0.573545"/>
        <testcase name="Employee can read but cannot update company branding" file="Company Branding Controller (Tests\Feature\CompanyBrandingController)::Employee can read but cannot update company branding" class="Tests\Feature\CompanyBrandingControllerTest" classname="Tests.Feature.CompanyBrandingControllerTest" assertions="4" time="0.544466"/>
        <testcase name="Branding rejects invalid colors" file="Company Branding Controller (Tests\Feature\CompanyBrandingController)::Branding rejects invalid colors" class="Tests\Feature\CompanyBrandingControllerTest" classname="Tests.Feature.CompanyBrandingControllerTest" assertions="4" time="0.564472"/>
      </testsuite>
      <testsuite name="Tests\Feature\CompanyOnboardingIntegrationTest" file="Company Onboarding Integration (Tests\Feature\CompanyOnboardingIntegration)" tests="4" assertions="8" errors="0" failures="0" skipped="0" time="2.402767">
        <testcase name="Platform admin can list companies" file="Company Onboarding Integration (Tests\Feature\CompanyOnboardingIntegration)::Platform admin can list companies" class="Tests\Feature\CompanyOnboardingIntegrationTest" classname="Tests.Feature.CompanyOnboardingIntegrationTest" assertions="2" time="0.554990"/>
        <testcase name="Manager can list own employees" file="Company Onboarding Integration (Tests\Feature\CompanyOnboardingIntegration)::Manager can list own employees" class="Tests\Feature\CompanyOnboardingIntegrationTest" classname="Tests.Feature.CompanyOnboardingIntegrationTest" assertions="3" time="0.645257"/>
        <testcase name="Employee from other company not visible" file="Company Onboarding Integration (Tests\Feature\CompanyOnboardingIntegration)::Employee from other company not visible" class="Tests\Feature\CompanyOnboardingIntegrationTest" classname="Tests.Feature.CompanyOnboardingIntegrationTest" assertions="2" time="0.631301"/>
        <testcase name="Onboarding checklist available for new manager" file="Company Onboarding Integration (Tests\Feature\CompanyOnboardingIntegration)::Onboarding checklist available for new manager" class="Tests\Feature\CompanyOnboardingIntegrationTest" classname="Tests.Feature.CompanyOnboardingIntegrationTest" assertions="1" time="0.571218"/>
      </testsuite>
      <testsuite name="Tests\Feature\Contracts\ApiListQueryContractTest" file="Api List Query Contract (Tests\Feature\Contracts\ApiListQueryContract)" tests="5" assertions="85" errors="0" failures="0" skipped="0" time="3.095901">
        <testcase name="Employees index supports validated filters sorting pagination and empty payloads" file="Api List Query Contract (Tests\Feature\Contracts\ApiListQueryContract)::Employees index supports validated filters sorting pagination and empty payloads" class="Tests\Feature\Contracts\ApiListQueryContractTest" classname="Tests.Feature.Contracts.ApiListQueryContractTest" assertions="11" time="0.730983"/>
        <testcase name="Absences index supports filters sorting pagination and empty payloads" file="Api List Query Contract (Tests\Feature\Contracts\ApiListQueryContract)::Absences index supports filters sorting pagination and empty payloads" class="Tests\Feature\Contracts\ApiListQueryContractTest" classname="Tests.Feature.Contracts.ApiListQueryContractTest" assertions="11" time="0.578874"/>
        <testcase name="Attendance index supports status filter sorting pagination and empty payloads" file="Api List Query Contract (Tests\Feature\Contracts\ApiListQueryContract)::Attendance index supports status filter sorting pagination and empty payloads" class="Tests\Feature\Contracts\ApiListQueryContractTest" classname="Tests.Feature.Contracts.ApiListQueryContractTest" assertions="11" time="0.593507"/>
        <testcase name="Mobile pay slip list and detail payloads are filterable and stable" file="Api List Query Contract (Tests\Feature\Contracts\ApiListQueryContract)::Mobile pay slip list and detail payloads are filterable and stable" class="Tests\Feature\Contracts\ApiListQueryContractTest" classname="Tests.Feature.Contracts.ApiListQueryContractTest" assertions="26" time="0.602754"/>
        <testcase name="Notifications index supports mobile filters and payload shape" file="Api List Query Contract (Tests\Feature\Contracts\ApiListQueryContract)::Notifications index supports mobile filters and payload shape" class="Tests\Feature\Contracts\ApiListQueryContractTest" classname="Tests.Feature.Contracts.ApiListQueryContractTest" assertions="26" time="0.589783"/>
      </testsuite>
      <testsuite name="Tests\Feature\Contracts\ContractWorkflowTest" file="Contract Workflow (Tests\Feature\Contracts\ContractWorkflow)" tests="10" assertions="35" errors="0" failures="0" skipped="0" time="5.741925">
        <testcase name="Create draft contract" file="Contract Workflow (Tests\Feature\Contracts\ContractWorkflow)::Create draft contract" class="Tests\Feature\Contracts\ContractWorkflowTest" classname="Tests.Feature.Contracts.ContractWorkflowTest" assertions="3" time="0.582106"/>
        <testcase name="Manager cannot create contract for other tenant employee" file="Contract Workflow (Tests\Feature\Contracts\ContractWorkflow)::Manager cannot create contract for other tenant employee" class="Tests\Feature\Contracts\ContractWorkflowTest" classname="Tests.Feature.Contracts.ContractWorkflowTest" assertions="4" time="0.586519"/>
        <testcase name="Contract index is scoped to actor company" file="Contract Workflow (Tests\Feature\Contracts\ContractWorkflow)::Contract index is scoped to actor company" class="Tests\Feature\Contracts\ContractWorkflowTest" classname="Tests.Feature.Contracts.ContractWorkflowTest" assertions="3" time="0.583090"/>
        <testcase name="Activate draft contract" file="Contract Workflow (Tests\Feature\Contracts\ContractWorkflow)::Activate draft contract" class="Tests\Feature\Contracts\ContractWorkflowTest" classname="Tests.Feature.Contracts.ContractWorkflowTest" assertions="3" time="0.575615"/>
        <testcase name="Suspend active contract" file="Contract Workflow (Tests\Feature\Contracts\ContractWorkflow)::Suspend active contract" class="Tests\Feature\Contracts\ContractWorkflowTest" classname="Tests.Feature.Contracts.ContractWorkflowTest" assertions="2" time="0.557538"/>
        <testcase name="Terminate contract requires reason" file="Contract Workflow (Tests\Feature\Contracts\ContractWorkflow)::Terminate contract requires reason" class="Tests\Feature\Contracts\ContractWorkflowTest" classname="Tests.Feature.Contracts.ContractWorkflowTest" assertions="3" time="0.565951"/>
        <testcase name="Renew creates new contract" file="Contract Workflow (Tests\Feature\Contracts\ContractWorkflow)::Renew creates new contract" class="Tests\Feature\Contracts\ContractWorkflowTest" classname="Tests.Feature.Contracts.ContractWorkflowTest" assertions="4" time="0.558576"/>
        <testcase name="Self service my contracts" file="Contract Workflow (Tests\Feature\Contracts\ContractWorkflow)::Self service my contracts" class="Tests\Feature\Contracts\ContractWorkflowTest" classname="Tests.Feature.Contracts.ContractWorkflowTest" assertions="7" time="0.560765"/>
        <testcase name="Expiring contracts are tenant scoped" file="Contract Workflow (Tests\Feature\Contracts\ContractWorkflow)::Expiring contracts are tenant scoped" class="Tests\Feature\Contracts\ContractWorkflowTest" classname="Tests.Feature.Contracts.ContractWorkflowTest" assertions="3" time="0.573762"/>
        <testcase name="Employee cannot view coworker contract pdf or amendments" file="Contract Workflow (Tests\Feature\Contracts\ContractWorkflow)::Employee cannot view coworker contract pdf or amendments" class="Tests\Feature\Contracts\ContractWorkflowTest" classname="Tests.Feature.Contracts.ContractWorkflowTest" assertions="3" time="0.598004"/>
      </testsuite>
      <testsuite name="Tests\Feature\Contracts\FrontendJsonContractTest" file="Frontend Json Contract (Tests\Feature\Contracts\FrontendJsonContract)" tests="7" assertions="107" errors="0" failures="0" skipped="0" time="4.188583">
        <testcase name="Admin dashboard summary payload matches frontend contract" file="Frontend Json Contract (Tests\Feature\Contracts\FrontendJsonContract)::Admin dashboard summary payload matches frontend contract" class="Tests\Feature\Contracts\FrontendJsonContractTest" classname="Tests.Feature.Contracts.FrontendJsonContractTest" assertions="9" time="0.617805"/>
        <testcase name="Admin export employees payload matches frontend contract" file="Frontend Json Contract (Tests\Feature\Contracts\FrontendJsonContract)::Admin export employees payload matches frontend contract" class="Tests\Feature\Contracts\FrontendJsonContractTest" classname="Tests.Feature.Contracts.FrontendJsonContractTest" assertions="21" time="0.614043"/>
        <testcase name="Api error payloads are stable for frontends" file="Frontend Json Contract (Tests\Feature\Contracts\FrontendJsonContract)::Api error payloads are stable for frontends" class="Tests\Feature\Contracts\FrontendJsonContractTest" classname="Tests.Feature.Contracts.FrontendJsonContractTest" assertions="11" time="0.577763"/>
        <testcase name="Kiosk token only roster and announcement payloads match kiosk contract" file="Frontend Json Contract (Tests\Feature\Contracts\FrontendJsonContract)::Kiosk token only roster and announcement payloads match kiosk contract" class="Tests\Feature\Contracts\FrontendJsonContractTest" classname="Tests.Feature.Contracts.FrontendJsonContractTest" assertions="26" time="0.594629"/>
        <testcase name="Kiosk announcements tolerate legacy partial table" file="Frontend Json Contract (Tests\Feature\Contracts\FrontendJsonContract)::Kiosk announcements tolerate legacy partial table" class="Tests\Feature\Contracts\FrontendJsonContractTest" classname="Tests.Feature.Contracts.FrontendJsonContractTest" assertions="5" time="0.597183"/>
        <testcase name="Kiosk announcements return empty when legacy table cannot be tenant scoped" file="Frontend Json Contract (Tests\Feature\Contracts\FrontendJsonContract)::Kiosk announcements return empty when legacy table cannot be tenant scoped" class="Tests\Feature\Contracts\FrontendJsonContractTest" classname="Tests.Feature.Contracts.FrontendJsonContractTest" assertions="2" time="0.588891"/>
        <testcase name="Kiosk token only employee info and leave balance payloads match kiosk contract" file="Frontend Json Contract (Tests\Feature\Contracts\FrontendJsonContract)::Kiosk token only employee info and leave balance payloads match kiosk contract" class="Tests\Feature\Contracts\FrontendJsonContractTest" classname="Tests.Feature.Contracts.FrontendJsonContractTest" assertions="33" time="0.598269"/>
      </testsuite>
      <testsuite name="Tests\Feature\Contracts\MobilePayloadContractTest" file="Mobile Payload Contract (Tests\Feature\Contracts\MobilePayloadContract)" tests="5" assertions="260" errors="0" failures="0" skipped="0" time="2.927332">
        <testcase name="Auth me payload matches mobile contract" file="Mobile Payload Contract (Tests\Feature\Contracts\MobilePayloadContract)::Auth me payload matches mobile contract" class="Tests\Feature\Contracts\MobilePayloadContractTest" classname="Tests.Feature.Contracts.MobilePayloadContractTest" assertions="128" time="0.566869"/>
        <testcase name="Me daily summary payload matches mobile contract" file="Mobile Payload Contract (Tests\Feature\Contracts\MobilePayloadContract)::Me daily summary payload matches mobile contract" class="Tests\Feature\Contracts\MobilePayloadContractTest" classname="Tests.Feature.Contracts.MobilePayloadContractTest" assertions="21" time="0.591286"/>
        <testcase name="Attendance today collection payload matches mobile contract" file="Mobile Payload Contract (Tests\Feature\Contracts\MobilePayloadContract)::Attendance today collection payload matches mobile contract" class="Tests\Feature\Contracts\MobilePayloadContractTest" classname="Tests.Feature.Contracts.MobilePayloadContractTest" assertions="40" time="0.558519"/>
        <testcase name="Employees index payload matches mobile contract" file="Mobile Payload Contract (Tests\Feature\Contracts\MobilePayloadContract)::Employees index payload matches mobile contract" class="Tests\Feature\Contracts\MobilePayloadContractTest" classname="Tests.Feature.Contracts.MobilePayloadContractTest" assertions="50" time="0.641419"/>
        <testcase name="Attendance history payload matches mobile contract" file="Mobile Payload Contract (Tests\Feature\Contracts\MobilePayloadContract)::Attendance history payload matches mobile contract" class="Tests\Feature\Contracts\MobilePayloadContractTest" classname="Tests.Feature.Contracts.MobilePayloadContractTest" assertions="21" time="0.569239"/>
      </testsuite>
      <testsuite name="Tests\Feature\CotisationSimulationControllerTest" file="Cotisation Simulation Controller (Tests\Feature\CotisationSimulationController)" tests="4" assertions="4" errors="0" failures="0" skipped="0" time="2.291205">
        <testcase name="Simulate requires authentication" file="Cotisation Simulation Controller (Tests\Feature\CotisationSimulationController)::Simulate requires authentication" class="Tests\Feature\CotisationSimulationControllerTest" classname="Tests.Feature.CotisationSimulationControllerTest" assertions="1" time="0.563828"/>
        <testcase name="Simulate requires manager role" file="Cotisation Simulation Controller (Tests\Feature\CotisationSimulationController)::Simulate requires manager role" class="Tests\Feature\CotisationSimulationControllerTest" classname="Tests.Feature.CotisationSimulationControllerTest" assertions="1" time="0.562887"/>
        <testcase name="Simulate validates required fields" file="Cotisation Simulation Controller (Tests\Feature\CotisationSimulationController)::Simulate validates required fields" class="Tests\Feature\CotisationSimulationControllerTest" classname="Tests.Feature.CotisationSimulationControllerTest" assertions="1" time="0.559725"/>
        <testcase name="Simulate validates country code" file="Cotisation Simulation Controller (Tests\Feature\CotisationSimulationController)::Simulate validates country code" class="Tests\Feature\CotisationSimulationControllerTest" classname="Tests.Feature.CotisationSimulationControllerTest" assertions="1" time="0.604764"/>
      </testsuite>
      <testsuite name="Tests\Feature\CotisationSimulationTest" file="Cotisation Simulation (Tests\Feature\CotisationSimulation)" tests="4" assertions="18" errors="0" failures="0" skipped="0" time="2.259920">
        <testcase name="Simulate dz cotisations" file="Cotisation Simulation (Tests\Feature\CotisationSimulation)::Simulate dz cotisations" class="Tests\Feature\CotisationSimulationTest" classname="Tests.Feature.CotisationSimulationTest" assertions="13" time="0.554319"/>
        <testcase name="Simulate ma cotisations" file="Cotisation Simulation (Tests\Feature\CotisationSimulation)::Simulate ma cotisations" class="Tests\Feature\CotisationSimulationTest" classname="Tests.Feature.CotisationSimulationTest" assertions="3" time="0.553873"/>
        <testcase name="Employee cannot simulate" file="Cotisation Simulation (Tests\Feature\CotisationSimulation)::Employee cannot simulate" class="Tests\Feature\CotisationSimulationTest" classname="Tests.Feature.CotisationSimulationTest" assertions="1" time="0.587840"/>
        <testcase name="Invalid country code rejected" file="Cotisation Simulation (Tests\Feature\CotisationSimulation)::Invalid country code rejected" class="Tests\Feature\CotisationSimulationTest" classname="Tests.Feature.CotisationSimulationTest" assertions="1" time="0.563888"/>
      </testsuite>
      <testsuite name="Tests\Feature\DashboardControllerTest" file="Dashboard Controller (Tests\Feature\DashboardController)" tests="5" assertions="30" errors="0" failures="0" skipped="0" time="2.917694">
        <testcase name="Summary counts only the authenticated company" file="Dashboard Controller (Tests\Feature\DashboardController)::Summary counts only the authenticated company" class="Tests\Feature\DashboardControllerTest" classname="Tests.Feature.DashboardControllerTest" assertions="6" time="0.595188"/>
        <testcase name="Recent activity is company scoped and limited" file="Dashboard Controller (Tests\Feature\DashboardController)::Recent activity is company scoped and limited" class="Tests\Feature\DashboardControllerTest" classname="Tests.Feature.DashboardControllerTest" assertions="3" time="0.551540"/>
        <testcase name="Kpi uses month window without postgres specific sql" file="Dashboard Controller (Tests\Feature\DashboardController)::Kpi uses month window without postgres specific sql" class="Tests\Feature\DashboardControllerTest" classname="Tests.Feature.DashboardControllerTest" assertions="6" time="0.589321"/>
        <testcase name="Manager digest uses real today data and is company scoped" file="Dashboard Controller (Tests\Feature\DashboardController)::Manager digest uses real today data and is company scoped" class="Tests\Feature\DashboardControllerTest" classname="Tests.Feature.DashboardControllerTest" assertions="9" time="0.595145"/>
        <testcase name="Department manager digest is limited to their direct team" file="Dashboard Controller (Tests\Feature\DashboardController)::Department manager digest is limited to their direct team" class="Tests\Feature\DashboardControllerTest" classname="Tests.Feature.DashboardControllerTest" assertions="6" time="0.586501"/>
      </testsuite>
      <testsuite name="Tests\Feature\DemoUserControllerTest" file="Demo User Controller (Tests\Feature\DemoUserController)" tests="6" assertions="32" errors="0" failures="0" skipped="0" time="3.546572">
        <testcase name="Demo users expose operational personas" file="Demo User Controller (Tests\Feature\DemoUserController)::Demo users expose operational personas" class="Tests\Feature\DemoUserControllerTest" classname="Tests.Feature.DemoUserControllerTest" assertions="11" time="0.550969"/>
        <testcase name="Demo users remain available for public tester guides in production" file="Demo User Controller (Tests\Feature\DemoUserController)::Demo users remain available for public tester guides in production" class="Tests\Feature\DemoUserControllerTest" classname="Tests.Feature.DemoUserControllerTest" assertions="2" time="0.552084"/>
[...]
      </testsuite>
      <testsuite name="Tests\Feature\SensitiveDataEncryptorTest" file="Sensitive Data Encryptor (Tests\Feature\SensitiveDataEncryptor)" tests="7" assertions="13" errors="0" failures="0" skipped="0" time="0.199206">
        <testcase name="Encrypt and decrypt round trip" file="Sensitive Data Encryptor (Tests\Feature\SensitiveDataEncryptor)::Encrypt and decrypt round trip" class="Tests\Feature\SensitiveDataEncryptorTest" classname="Tests.Feature.SensitiveDataEncryptorTest" assertions="2" time="0.041039"/>
        <testcase name="Encrypted value has prefix" file="Sensitive Data Encryptor (Tests\Feature\SensitiveDataEncryptor)::Encrypted value has prefix" class="Tests\Feature\SensitiveDataEncryptorTest" classname="Tests.Feature.SensitiveDataEncryptorTest" assertions="2" time="0.023536"/>
        <testcase name="Double encrypt is idempotent" file="Sensitive Data Encryptor (Tests\Feature\SensitiveDataEncryptor)::Double encrypt is idempotent" class="Tests\Feature\SensitiveDataEncryptorTest" classname="Tests.Feature.SensitiveDataEncryptorTest" assertions="1" time="0.022963"/>
        <testcase name="Decrypt plain text returns as is" file="Sensitive Data Encryptor (Tests\Feature\SensitiveDataEncryptor)::Decrypt plain text returns as is" class="Tests\Feature\SensitiveDataEncryptorTest" classname="Tests.Feature.SensitiveDataEncryptorTest" assertions="1" time="0.023513"/>
        <testcase name="Encrypt array encrypts sensitive fields" file="Sensitive Data Encryptor (Tests\Feature\SensitiveDataEncryptor)::Encrypt array encrypts sensitive fields" class="Tests\Feature\SensitiveDataEncryptorTest" classname="Tests.Feature.SensitiveDataEncryptorTest" assertions="3" time="0.022695"/>
        <testcase name="Decrypt array decrypts sensitive fields" file="Sensitive Data Encryptor (Tests\Feature\SensitiveDataEncryptor)::Decrypt array decrypts sensitive fields" class="Tests\Feature\SensitiveDataEncryptorTest" classname="Tests.Feature.SensitiveDataEncryptorTest" assertions="3" time="0.022894"/>
        <testcase name="Encrypt array skips missing fields" file="Sensitive Data Encryptor (Tests\Feature\SensitiveDataEncryptor)::Encrypt array skips missing fields" class="Tests\Feature\SensitiveDataEncryptorTest" classname="Tests.Feature.SensitiveDataEncryptorTest" assertions="1" time="0.042567"/>
      </testsuite>
      <testsuite name="Tests\Feature\SocialDeclarationControllerTest" file="Social Declaration Controller (Tests\Feature\SocialDeclarationController)" tests="5" assertions="31" errors="0" failures="0" skipped="0" time="2.751038">
        <testcase name="Employee cannot generate social declarations" file="Social Declaration Controller (Tests\Feature\SocialDeclarationController)::Employee cannot generate social declarations" class="Tests\Feature\SocialDeclarationControllerTest" classname="Tests.Feature.SocialDeclarationControllerTest" assertions="1" time="0.504274"/>
        <testcase name="Social declaration period payload is validated" file="Social Declaration Controller (Tests\Feature\SocialDeclarationController)::Social declaration period payload is validated" class="Tests\Feature\SocialDeclarationControllerTest" classname="Tests.Feature.SocialDeclarationControllerTest" assertions="7" time="0.548580"/>
        <testcase name="Manager can generate cnas dz without leaking other tenant payroll" file="Social Declaration Controller (Tests\Feature\SocialDeclarationController)::Manager can generate cnas dz without leaking other tenant payroll" class="Tests\Feature\SocialDeclarationControllerTest" classname="Tests.Feature.SocialDeclarationControllerTest" assertions="8" time="0.599245"/>
        <testcase name="Manager can generate cnss ma with attendance days" file="Social Declaration Controller (Tests\Feature\SocialDeclarationController)::Manager can generate cnss ma with attendance days" class="Tests\Feature\SocialDeclarationControllerTest" classname="Tests.Feature.SocialDeclarationControllerTest" assertions="6" time="0.551047"/>
        <testcase name="Manager can generate dsn fr from contract start and company metadata" file="Social Declaration Controller (Tests\Feature\SocialDeclarationController)::Manager can generate dsn fr from contract start and company metadata" class="Tests\Feature\SocialDeclarationControllerTest" classname="Tests.Feature.SocialDeclarationControllerTest" assertions="9" time="0.547892"/>
      </testsuite>
      <testsuite name="Tests\Feature\StructuredLoggingMiddlewareTest" file="Structured Logging Middleware (Tests\Feature\StructuredLoggingMiddleware)" tests="2" assertions="5" errors="0" failures="0" skipped="0" time="0.080568">
        <testcase name="Api requests are logged to structured channel" file="Structured Logging Middleware (Tests\Feature\StructuredLoggingMiddleware)::Api requests are logged to structured channel" class="Tests\Feature\StructuredLoggingMiddlewareTest" classname="Tests.Feature.StructuredLoggingMiddlewareTest" assertions="3" time="0.037102"/>
        <testcase name="Health requests are not written to structured log" file="Structured Logging Middleware (Tests\Feature\StructuredLoggingMiddleware)::Health requests are not written to structured log" class="Tests\Feature\StructuredLoggingMiddlewareTest" classname="Tests.Feature.StructuredLoggingMiddlewareTest" assertions="2" time="0.043467"/>
      </testsuite>
      <testsuite name="Tests\Feature\TaskControllerTest" file="Task Controller (Tests\Feature\TaskController)" tests="3" assertions="14" errors="0" failures="0" skipped="0" time="1.660183">
        <testcase name="Manager cannot assign task to employee from another company" file="Task Controller (Tests\Feature\TaskController)::Manager cannot assign task to employee from another company" class="Tests\Feature\TaskControllerTest" classname="Tests.Feature.TaskControllerTest" assertions="3" time="0.546247"/>
        <testcase name="Employee can complete own today task with performance score" file="Task Controller (Tests\Feature\TaskController)::Employee can complete own today task with performance score" class="Tests\Feature\TaskControllerTest" classname="Tests.Feature.TaskControllerTest" assertions="7" time="0.557799"/>
        <testcase name="Assigned employee cannot reassign task when completing it" file="Task Controller (Tests\Feature\TaskController)::Assigned employee cannot reassign task when completing it" class="Tests\Feature\TaskControllerTest" classname="Tests.Feature.TaskControllerTest" assertions="4" time="0.556137"/>
      </testsuite>
      <testsuite name="Tests\Feature\TenantCacheServiceTest" file="Tenant Cache Service (Tests\Feature\TenantCacheService)" tests="6" assertions="9" errors="0" failures="0" skipped="0" time="0.172512">
        <testcase name="Remember caches value with tenant key" file="Tenant Cache Service (Tests\Feature\TenantCacheService)::Remember caches value with tenant key" class="Tests\Feature\TenantCacheServiceTest" classname="Tests.Feature.TenantCacheServiceTest" assertions="2" time="0.041754"/>
        <testcase name="Put and get round trip" file="Tenant Cache Service (Tests\Feature\TenantCacheService)::Put and get round trip" class="Tests\Feature\TenantCacheServiceTest" classname="Tests.Feature.TenantCacheServiceTest" assertions="1" time="0.022966"/>
        <testcase name="Forget removes cached value" file="Tenant Cache Service (Tests\Feature\TenantCacheService)::Forget removes cached value" class="Tests\Feature\TenantCacheServiceTest" classname="Tests.Feature.TenantCacheServiceTest" assertions="1" time="0.022183"/>
        <testcase name="Different tenants have isolated keys" file="Tenant Cache Service (Tests\Feature\TenantCacheService)::Different tenants have isolated keys" class="Tests\Feature\TenantCacheServiceTest" classname="Tests.Feature.TenantCacheServiceTest" assertions="2" time="0.022156"/>
        <testcase name="Uuid like tenant ids are supported" file="Tenant Cache Service (Tests\Feature\TenantCacheService)::Uuid like tenant ids are supported" class="Tests\Feature\TenantCacheServiceTest" classname="Tests.Feature.TenantCacheServiceTest" assertions="2" time="0.022754"/>
        <testcase name="Get returns null for missing key" file="Tenant Cache Service (Tests\Feature\TenantCacheService)::Get returns null for missing key" class="Tests\Feature\TenantCacheServiceTest" classname="Tests.Feature.TenantCacheServiceTest" assertions="1" time="0.040699"/>
      </testsuite>
      <testsuite name="Tests\Feature\TenantIsolationTest" file="Tenant Isolation (Tests\Feature\TenantIsolation)" tests="2" assertions="3" errors="0" failures="0" skipped="0" time="0.124329">
        <testcase name="Employee scope only returns current company rows" file="Tenant Isolation (Tests\Feature\TenantIsolation)::Employee scope only returns current company rows" class="Tests\Feature\TenantIsolationTest" classname="Tests.Feature.TenantIsolationTest" assertions="2" time="0.061100"/>
        <testcase name="Creating hook auto injects company id" file="Tenant Isolation (Tests\Feature\TenantIsolation)::Creating hook auto injects company id" class="Tests\Feature\TenantIsolationTest" classname="Tests.Feature.TenantIsolationTest" assertions="1" time="0.063229"/>
      </testsuite>
      <testsuite name="Tests\Feature\Tracking\TraccarServiceTest" file="Traccar Service (Tests\Feature\Tracking\TraccarService)" tests="2" assertions="19" errors="0" failures="0" skipped="0" time="0.067800">
        <testcase name="Device crud and permissions call traccar with bearer token" file="Traccar Service (Tests\Feature\Tracking\TraccarService)::Device crud and permissions call traccar with bearer token" class="Tests\Feature\Tracking\TraccarServiceTest" classname="Tests.Feature.Tracking.TraccarServiceTest" assertions="10" time="0.026526"/>
        <testcase name="Positions trips and events include iso ranges and fallbacks" file="Traccar Service (Tests\Feature\Tracking\TraccarService)::Positions trips and events include iso ranges and fallbacks" class="Tests\Feature\Tracking\TraccarServiceTest" classname="Tests.Feature.Tracking.TraccarServiceTest" assertions="9" time="0.041273"/>
      </testsuite>
      <testsuite name="Tests\Feature\TrainingControllerTest" file="Training Controller (Tests\Feature\TrainingController)" tests="6" assertions="10" errors="0" failures="0" skipped="0" time="3.327342">
        <testcase name="Anyone can list courses" file="Training Controller (Tests\Feature\TrainingController)::Anyone can list courses" class="Tests\Feature\TrainingControllerTest" classname="Tests.Feature.TrainingControllerTest" assertions="2" time="0.543526"/>
        <testcase name="Rh can create course" file="Training Controller (Tests\Feature\TrainingController)::Rh can create course" class="Tests\Feature\TrainingControllerTest" classname="Tests.Feature.TrainingControllerTest" assertions="2" time="0.550836"/>
        <testcase name="Employee cannot create course" file="Training Controller (Tests\Feature\TrainingController)::Employee cannot create course" class="Tests\Feature\TrainingControllerTest" classname="Tests.Feature.TrainingControllerTest" assertions="1" time="0.543587"/>
        <testcase name="Rh can create session" file="Training Controller (Tests\Feature\TrainingController)::Rh can create session" class="Tests\Feature\TrainingControllerTest" classname="Tests.Feature.TrainingControllerTest" assertions="2" time="0.567502"/>
        <testcase name="Employee can enroll in session" file="Training Controller (Tests\Feature\TrainingController)::Employee can enroll in session" class="Tests\Feature\TrainingControllerTest" classname="Tests.Feature.TrainingControllerTest" assertions="1" time="0.563947"/>
        <testcase name="Training isolated by tenant and rejects foreign enrollment" file="Training Controller (Tests\Feature\TrainingController)::Training isolated by tenant and rejects foreign enrollment" class="Tests\Feature\TrainingControllerTest" classname="Tests.Feature.TrainingControllerTest" assertions="2" time="0.557946"/>
      </testsuite>
      <testsuite name="Tests\Feature\TranslationCatalogApiTest" file="Translation Catalog Api (Tests\Feature\TranslationCatalogApi)" tests="3" assertions="9" errors="0" failures="0" skipped="0" time="0.107234">
        <testcase name="Versions endpoint exposes supported locales" file="Translation Catalog Api (Tests\Feature\TranslationCatalogApi)::Versions endpoint exposes supported locales" class="Tests\Feature\TranslationCatalogApiTest" classname="Tests.Feature.TranslationCatalogApiTest" assertions="4" time="0.032279"/>
        <testcase name="Locale endpoint normalizes locale variants" file="Translation Catalog Api (Tests\Feature\TranslationCatalogApi)::Locale endpoint normalizes locale variants" class="Tests\Feature\TranslationCatalogApiTest" classname="Tests.Feature.TranslationCatalogApiTest" assertions="4" time="0.045060"/>
        <testcase name="Locale endpoint supports conditional etag requests" file="Translation Catalog Api (Tests\Feature\TranslationCatalogApi)::Locale endpoint supports conditional etag requests" class="Tests\Feature\TranslationCatalogApiTest" classname="Tests.Feature.TranslationCatalogApiTest" assertions="1" time="0.029894"/>
      </testsuite>
      <testsuite name="Tests\Feature\VehicleControllerTest" file="Vehicle Controller (Tests\Feature\VehicleController)" tests="6" assertions="10" errors="0" failures="0" skipped="0" time="3.277286">
        <testcase name="Manager can list vehicles" file="Vehicle Controller (Tests\Feature\VehicleController)::Manager can list vehicles" class="Tests\Feature\VehicleControllerTest" classname="Tests.Feature.VehicleControllerTest" assertions="2" time="0.536323"/>
        <testcase name="Manager can create vehicle" file="Vehicle Controller (Tests\Feature\VehicleController)::Manager can create vehicle" class="Tests\Feature\VehicleControllerTest" classname="Tests.Feature.VehicleControllerTest" assertions="2" time="0.560679"/>
        <testcase name="Manager can update vehicle" file="Vehicle Controller (Tests\Feature\VehicleController)::Manager can update vehicle" class="Tests\Feature\VehicleControllerTest" classname="Tests.Feature.VehicleControllerTest" assertions="2" time="0.533650"/>
        <testcase name="Manager can delete vehicle" file="Vehicle Controller (Tests\Feature\VehicleController)::Manager can delete vehicle" class="Tests\Feature\VehicleControllerTest" classname="Tests.Feature.VehicleControllerTest" assertions="1" time="0.549868"/>
        <testcase name="Filter vehicles by status" file="Vehicle Controller (Tests\Feature\VehicleController)::Filter vehicles by status" class="Tests\Feature\VehicleControllerTest" classname="Tests.Feature.VehicleControllerTest" assertions="2" time="0.540710"/>
        <testcase name="Invalid vehicle type returns validation error" file="Vehicle Controller (Tests\Feature\VehicleController)::Invalid vehicle type returns validation error" class="Tests\Feature\VehicleControllerTest" classname="Tests.Feature.VehicleControllerTest" assertions="1" time="0.556057"/>
      </testsuite>
      <testsuite name="Tests\Feature\WebAuthPagesTest" file="Web Auth Pages (Tests\Feature\WebAuthPages)" tests="4" assertions="13" errors="0" failures="0" skipped="0" time="2.161735">
        <testcase name="Guest is redirected to login for dashboard" file="Web Auth Pages (Tests\Feature\WebAuthPages)::Guest is redirected to login for dashboard" class="Tests\Feature\WebAuthPagesTest" classname="Tests.Feature.WebAuthPagesTest" assertions="2" time="0.522971"/>
        <testcase name="Manager can login to web dashboard" file="Web Auth Pages (Tests\Feature\WebAuthPages)::Manager can login to web dashboard" class="Tests\Feature\WebAuthPagesTest" classname="Tests.Feature.WebAuthPagesTest" assertions="3" time="0.540381"/>
        <testcase name="Employee is redirected to personal space on web login" file="Web Auth Pages (Tests\Feature\WebAuthPages)::Employee is redirected to personal space on web login" class="Tests\Feature\WebAuthPagesTest" classname="Tests.Feature.WebAuthPagesTest" assertions="3" time="0.559406"/>
        <testcase name="Suspended company is blocked from web login" file="Web Auth Pages (Tests\Feature\WebAuthPages)::Suspended company is blocked from web login" class="Tests\Feature\WebAuthPagesTest" classname="Tests.Feature.WebAuthPagesTest" assertions="5" time="0.538977"/>
      </testsuite>
      <testsuite name="Tests\Feature\WebManagerPagesTest" file="Web Manager Pages (Tests\Feature\WebManagerPages)" tests="6" assertions="21" errors="0" failures="0" skipped="0" time="3.462201">
        <testcase name="Manager can open dashboard" file="Web Manager Pages (Tests\Feature\WebManagerPages)::Manager can open dashboard" class="Tests\Feature\WebManagerPagesTest" classname="Tests.Feature.WebManagerPagesTest" assertions="3" time="0.565702"/>
        <testcase name="Employee is forbidden from dashboard" file="Web Manager Pages (Tests\Feature\WebManagerPages)::Employee is forbidden from dashboard" class="Tests\Feature\WebManagerPagesTest" classname="Tests.Feature.WebManagerPagesTest" assertions="1" time="0.538276"/>
        <testcase name="Guest is redirected from employee pages" file="Web Manager Pages (Tests\Feature\WebManagerPages)::Guest is redirected from employee pages" class="Tests\Feature\WebManagerPagesTest" classname="Tests.Feature.WebManagerPagesTest" assertions="6" time="0.542250"/>
        <testcase name="Manager can open employee detail and download pdf" file="Web Manager Pages (Tests\Feature\WebManagerPages)::Manager can open employee detail and download pdf" class="Tests\Feature\WebManagerPagesTest" classname="Tests.Feature.WebManagerPagesTest" assertions="7" time="0.722589"/>
        <testcase name="Employee is forbidden from other manager pages" file="Web Manager Pages (Tests\Feature\WebManagerPages)::Employee is forbidden from other manager pages" class="Tests\Feature\WebManagerPagesTest" classname="Tests.Feature.WebManagerPagesTest" assertions="3" time="0.544060"/>
        <testcase name="Manager cannot open employee from other company" file="Web Manager Pages (Tests\Feature\WebManagerPages)::Manager cannot open employee from other company" class="Tests\Feature\WebManagerPagesTest" classname="Tests.Feature.WebManagerPagesTest" assertions="1" time="0.549323"/>
      </testsuite>
      <testsuite name="Tests\Feature\ZktecoControllerTest" file="Zkteco Controller (Tests\Feature\ZktecoController)" tests="5" assertions="5" errors="0" failures="0" skipped="0" time="2.771248">
        <testcase name="Devices list requires authentication" file="Zkteco Controller (Tests\Feature\ZktecoController)::Devices list requires authentication" class="Tests\Feature\ZktecoControllerTest" classname="Tests.Feature.ZktecoControllerTest" assertions="1" time="0.576551"/>
        <testcase name="Devices list requires manager role" file="Zkteco Controller (Tests\Feature\ZktecoController)::Devices list requires manager role" class="Tests\Feature\ZktecoControllerTest" classname="Tests.Feature.ZktecoControllerTest" assertions="1" time="0.543135"/>
        <testcase name="Register device validates required fields" file="Zkteco Controller (Tests\Feature\ZktecoController)::Register device validates required fields" class="Tests\Feature\ZktecoControllerTest" classname="Tests.Feature.ZktecoControllerTest" assertions="1" time="0.548309"/>
        <testcase name="Heartbeat accepts valid serial" file="Zkteco Controller (Tests\Feature\ZktecoController)::Heartbeat accepts valid serial" class="Tests\Feature\ZktecoControllerTest" classname="Tests.Feature.ZktecoControllerTest" assertions="1" time="0.557516"/>
        <testcase name="Sync attendance rejects invalid serial" file="Zkteco Controller (Tests\Feature\ZktecoController)::Sync attendance rejects invalid serial" class="Tests\Feature\ZktecoControllerTest" classname="Tests.Feature.ZktecoControllerTest" assertions="1" time="0.545737"/>
      </testsuite>
    </testsuite>
  </testsuite>
</testsuites>
